This file contains any messages produced by compilers while
running configure, to aid debugging if configure makes a mistake.

It was created by ocaml-portaudio configure 0.1.3, which was
generated by GNU Autoconf 2.65.  Invocation command line was

  $ ./configure 

## --------- ##
## Platform. ##
## --------- ##

hostname = serenity
uname -m = x86_64
uname -r = 2.6.32-5-amd64
uname -s = Linux
uname -v = #1 SMP Wed Jan 12 03:40:32 UTC 2011

/usr/bin/uname -p = unknown
/bin/uname -X     = unknown

/bin/arch              = unknown
/usr/bin/arch -k       = unknown
/usr/convex/getsysinfo = unknown
/usr/bin/hostinfo      = unknown
/bin/machine           = unknown
/usr/bin/oslevel       = unknown
/bin/universe          = unknown

PATH: /usr/local/bin
PATH: /usr/bin
PATH: /bin
PATH: /usr/games
PATH: /home/niki/projects/android/android-sdk-linux_x86-1.0_r1/tools
PATH: /usr/local/sbin
PATH: /usr/sbin
PATH: /sbin
PATH: /home/niki/projects/android/android-sdk-linux_x86-1.0_r1/tools
PATH: /usr/local/sbin
PATH: /usr/sbin
PATH: /sbin


## ----------- ##
## Core tests. ##
## ----------- ##

configure:1737: result: configuring ocaml-portaudio 0.1.3
configure:1767: checking for ocamlc
configure:1783: found /usr/local/bin/ocamlc
configure:1795: result: /usr/local/bin/ocamlc
configure:1821: checking for ocamlopt
configure:1839: found /usr/local/bin/ocamlopt
configure:1852: result: /usr/local/bin/ocamlopt
configure:1865: checking ocamlopt version
configure:1873: result: ok
configure:1882: checking for ocamlc.opt
configure:1900: found /usr/local/bin/ocamlc.opt
configure:1913: result: /usr/local/bin/ocamlc.opt
configure:1922: checking ocamlc.opt version
configure:1929: result: ok
configure:1939: checking for ocamlopt.opt
configure:1957: found /usr/local/bin/ocamlopt.opt
configure:1970: result: /usr/local/bin/ocamlopt.opt
configure:1979: checking ocamlc.opt version
configure:1986: result: ok
configure:1995: checking for ocamldep
configure:2013: found /usr/local/bin/ocamldep
configure:2026: result: /usr/local/bin/ocamldep
configure:2040: checking for ocamldoc
configure:2058: found /usr/local/bin/ocamldoc
configure:2071: result: /usr/local/bin/ocamldoc
configure:2092: checking for ocamlfind
configure:2110: found /usr/local/bin/ocamlfind
configure:2123: result: /usr/local/bin/ocamlfind
configure:2185: checking for gcc
configure:2201: found /usr/bin/gcc
configure:2212: result: gcc
configure:2441: checking for C compiler version
configure:2450: gcc --version >&5
gcc (Debian 4.4.5-10) 4.4.5
Copyright (C) 2010 Free Software Foundation, Inc.
This is free software; see the source for copying conditions.  There is NO
warranty; not even for MERCHANTABILITY or FITNESS FOR A PARTICULAR PURPOSE.

configure:2461: $? = 0
configure:2450: gcc -v >&5
Using built-in specs.
Target: x86_64-linux-gnu
Configured with: ../src/configure -v --with-pkgversion='Debian 4.4.5-10' --with-bugurl=file:///usr/share/doc/gcc-4.4/README.Bugs --enable-languages=c,c++,fortran,objc,obj-c++ --prefix=/usr --program-suffix=-4.4 --enable-shared --enable-multiarch --enable-linker-build-id --with-system-zlib --libexecdir=/usr/lib --without-included-gettext --enable-threads=posix --with-gxx-include-dir=/usr/include/c++/4.4 --libdir=/usr/lib --enable-nls --enable-clocale=gnu --enable-libstdcxx-debug --enable-objc-gc --with-arch-32=i586 --with-tune=generic --enable-checking=release --build=x86_64-linux-gnu --host=x86_64-linux-gnu --target=x86_64-linux-gnu
Thread model: posix
gcc version 4.4.5 (Debian 4.4.5-10) 
configure:2461: $? = 0
configure:2450: gcc -V >&5
gcc: '-V' option must have argument
configure:2461: $? = 1
configure:2450: gcc -qversion >&5
gcc: unrecognized option '-qversion'
gcc: no input files
configure:2461: $? = 1
configure:2481: checking whether the C compiler works
configure:2503: gcc    conftest.c  >&5
configure:2507: $? = 0
configure:2556: result: yes
configure:2559: checking for C compiler default output file name
configure:2561: result: a.out
configure:2567: checking for suffix of executables
configure:2574: gcc -o conftest    conftest.c  >&5
configure:2578: $? = 0
configure:2600: result: 
configure:2622: checking whether we are cross compiling
configure:2630: gcc -o conftest    conftest.c  >&5
configure:2634: $? = 0
configure:2641: ./conftest
configure:2645: $? = 0
configure:2660: result: no
configure:2665: checking for suffix of object files
configure:2687: gcc -c   conftest.c >&5
configure:2691: $? = 0
configure:2712: result: o
configure:2716: checking whether we are using the GNU C compiler
configure:2735: gcc -c   conftest.c >&5
configure:2735: $? = 0
configure:2744: result: yes
configure:2753: checking whether gcc accepts -g
configure:2773: gcc -c -g  conftest.c >&5
configure:2773: $? = 0
configure:2814: result: yes
configure:2831: checking for gcc option to accept ISO C89
configure:2895: gcc  -c -g -O2  conftest.c >&5
configure:2895: $? = 0
configure:2908: result: none needed
configure:2977: checking for pkg-config
configure:2995: found /usr/bin/pkg-config
configure:3007: result: /usr/bin/pkg-config
configure:3032: checking pkg-config is at least version 0.9.0
configure:3035: result: yes
configure:3224: creating ./config.status

## ---------------------- ##
## Running config.status. ##
## ---------------------- ##

This file was extended by ocaml-portaudio config.status 0.1.3, which was
generated by GNU Autoconf 2.65.  Invocation command line was

  CONFIG_FILES    = 
  CONFIG_HEADERS  = 
  CONFIG_LINKS    = 
  CONFIG_COMMANDS = 
  $ ./config.status 

on serenity

config.status:745: creating Makefile
config.status:745: creating src/META
config.status:745: creating src/Makefile

## ---------------- ##
## Cache variables. ##
## ---------------- ##

ac_cv_c_compiler_gnu=yes
ac_cv_env_CC_set=
ac_cv_env_CC_value=
ac_cv_env_CFLAGS_set=
ac_cv_env_CFLAGS_value=
ac_cv_env_CPPFLAGS_set=
ac_cv_env_CPPFLAGS_value=
ac_cv_env_LDFLAGS_set=
ac_cv_env_LDFLAGS_value=
ac_cv_env_LIBS_set=
ac_cv_env_LIBS_value=
ac_cv_env_PKG_CONFIG_set=
ac_cv_env_PKG_CONFIG_value=
ac_cv_env_build_alias_set=
ac_cv_env_build_alias_value=
ac_cv_env_host_alias_set=
ac_cv_env_host_alias_value=
ac_cv_env_target_alias_set=
ac_cv_env_target_alias_value=
ac_cv_objext=o
ac_cv_path_OCAMLCDOTOPT=/usr/local/bin/ocamlc.opt
ac_cv_path_OCAMLDEP=/usr/local/bin/ocamldep
ac_cv_path_OCAMLDOC=/usr/local/bin/ocamldoc
ac_cv_path_OCAMLFIND=/usr/local/bin/ocamlfind
ac_cv_path_OCAMLOPT=/usr/local/bin/ocamlopt
ac_cv_path_OCAMLOPTDOTOPT=/usr/local/bin/ocamlopt.opt
ac_cv_path_ac_pt_PKG_CONFIG=/usr/bin/pkg-config
ac_cv_prog_OCAMLC=/usr/local/bin/ocamlc
ac_cv_prog_ac_ct_CC=gcc
ac_cv_prog_cc_c89=
ac_cv_prog_cc_g=yes

## ----------------- ##
## Output variables. ##
## ----------------- ##

BEST='byte opt'
CAMLLIBPATH='/usr/local/lib/ocaml'
CC='gcc'
CFLAGS='-g -O2'
CPPFLAGS=''
DEFS='-DPACKAGE_NAME=\"ocaml-portaudio\" -DPACKAGE_TARNAME=\"ocaml-portaudio\" -DPACKAGE_VERSION=\"0.1.3\" -DPACKAGE_STRING=\"ocaml-portaudio\ 0.1.3\" -DPACKAGE_BUGREPORT=\"savonet-users@lists.sourceforge.net\" -DPACKAGE_URL=\"\"'
ECHO_C=''
ECHO_N='-n'
ECHO_T=''
EXEEXT=''
LDFLAGS=''
LIBOBJS=''
LIBS=''
LTLIBOBJS=''
OBJEXT='o'
OCAMLBEST='opt'
OCAMLBIN='/usr/local/bin'
OCAMLC='/usr/local/bin/ocamlc.opt'
OCAMLCDOTOPT='/usr/local/bin/ocamlc.opt'
OCAMLCP=''
OCAMLDEP='/usr/local/bin/ocamldep'
OCAMLDOC='/usr/local/bin/ocamldoc'
OCAMLFIND='/usr/local/bin/ocamlfind'
OCAMLFIND_LDCONF=''
OCAMLFLAGS=''
OCAMLLIB='/usr/local/lib/ocaml'
OCAMLOPT='/usr/local/bin/ocamlopt.opt'
OCAMLOPTDOTOPT='/usr/local/bin/ocamlopt.opt'
OCAMLVERSION='3.12.0'
PACKAGE_BUGREPORT='savonet-users@lists.sourceforge.net'
PACKAGE_NAME='ocaml-portaudio'
PACKAGE_STRING='ocaml-portaudio 0.1.3'
PACKAGE_TARNAME='ocaml-portaudio'
PACKAGE_URL=''
PACKAGE_VERSION='0.1.3'
PATH_SEPARATOR=':'
PKG_CONFIG='/usr/bin/pkg-config'
SHELL='/bin/bash'
VERSION='0.1.3'
ac_ct_CC='gcc'
bindir='${exec_prefix}/bin'
build_alias=''
datadir='${datarootdir}'
datarootdir='${prefix}/share'
docdir='${datarootdir}/doc/${PACKAGE_TARNAME}'
dvidir='${docdir}'
exec_prefix='${prefix}'
host_alias=''
htmldir='${docdir}'
includedir='${prefix}/include'
infodir='${datarootdir}/info'
libdir='${exec_prefix}/lib'
libexecdir='${exec_prefix}/libexec'
localedir='${datarootdir}/locale'
localstatedir='${prefix}/var'
mandir='${datarootdir}/man'
oldincludedir='/usr/include'
pdfdir='${docdir}'
portaudio_CFLAGS='-pthread  '
portaudio_LDFLAGS=' '
portaudio_LIBS='-lportaudio -lm -lpthread  '
prefix='/usr/local'
program_transform_name='s,x,x,'
psdir='${docdir}'
sbindir='${exec_prefix}/sbin'
sharedstatedir='${prefix}/com'
sysconfdir='${prefix}/etc'
target_alias=''

## ----------- ##
## confdefs.h. ##
## ----------- ##

/* confdefs.h */
#define PACKAGE_NAME "ocaml-portaudio"
#define PACKAGE_TARNAME "ocaml-portaudio"
#define PACKAGE_VERSION "0.1.3"
#define PACKAGE_STRING "ocaml-portaudio 0.1.3"
#define PACKAGE_BUGREPORT "savonet-users@lists.sourceforge.net"
#define PACKAGE_URL ""

configure: exit 0
